<?xml version="1.0" encoding="UTF-8"?>
<!-- Generated by org.testng.reporters.JUnitXMLReporter -->
<testsuite hostname="Toqqer-Srinivask" ignored="0" name="Toq Test" tests="8" failures="8" timestamp="28 Jun 2019 12:59:50 GMT" time="21.092" errors="0">
  <testcase name="launchBrowser" time="7.849" classname="onlineSites.Toq_Desktop">
    <failure type="org.openqa.selenium.SessionNotCreatedException" message="session not created: Chrome version must be between 70 and 73
  (Driver info: chromedriver=73.0.3683.20 (8e2b610813e167eee3619ac4ce6e42e3ec622017),platform=Windows NT 10.0.17763 x86_64) (WARNING: The server did not provide any stacktrace information)
Command duration or timeout: 4.47 seconds
Build info: version: &amp;apos;3.141.59&amp;apos;, revision: &amp;apos;e82be7d358&amp;apos;, time: &amp;apos;2018-11-14T08:25:53&amp;apos;
System info: host: &amp;apos;TOQQER-SRINIVAS&amp;apos;, ip: &amp;apos;192.168.0.110&amp;apos;, os.name: &amp;apos;Windows 10&amp;apos;, os.arch: &amp;apos;amd64&amp;apos;, os.version: &amp;apos;10.0&amp;apos;, java.version: &amp;apos;1.8.0_201&amp;apos;
Driver info: driver.version: ChromeDriver">
      <![CDATA[org.openqa.selenium.SessionNotCreatedException: session not created: Chrome version must be between 70 and 73
  (Driver info: chromedriver=73.0.3683.20 (8e2b610813e167eee3619ac4ce6e42e3ec622017),platform=Windows NT 10.0.17763 x86_64) (WARNING: The server did not provide any stacktrace information)
Command duration or timeout: 4.47 seconds
Build info: version: '3.141.59', revision: 'e82be7d358', time: '2018-11-14T08:25:53'
System info: host: 'TOQQER-SRINIVAS', ip: '192.168.0.110', os.name: 'Windows 10', os.arch: 'amd64', os.version: '10.0', java.version: '1.8.0_201'
Driver info: driver.version: ChromeDriver
at org.openqa.selenium.remote.ErrorHandler.createThrowable(ErrorHandler.java:214)
at org.openqa.selenium.remote.ErrorHandler.throwIfResponseFailed(ErrorHandler.java:166)
at org.openqa.selenium.remote.JsonWireProtocolResponse.lambda$errorHandler$0(JsonWireProtocolResponse.java:54)
at org.openqa.selenium.remote.HandshakeResponse.lambda$getResponseFunction$0(HandshakeResponse.java:30)
at org.openqa.selenium.remote.ProtocolHandshake.lambda$createSession$0(ProtocolHandshake.java:126)
at java.util.stream.ReferencePipeline$3$1.accept(Unknown Source)
at java.util.Spliterators$ArraySpliterator.tryAdvance(Unknown Source)
at java.util.stream.ReferencePipeline.forEachWithCancel(Unknown Source)
at java.util.stream.AbstractPipeline.copyIntoWithCancel(Unknown Source)
at java.util.stream.AbstractPipeline.copyInto(Unknown Source)
at java.util.stream.AbstractPipeline.wrapAndCopyInto(Unknown Source)
at java.util.stream.FindOps$FindOp.evaluateSequential(Unknown Source)
at java.util.stream.AbstractPipeline.evaluate(Unknown Source)
at java.util.stream.ReferencePipeline.findFirst(Unknown Source)
at org.openqa.selenium.remote.ProtocolHandshake.createSession(ProtocolHandshake.java:128)
at org.openqa.selenium.remote.ProtocolHandshake.createSession(ProtocolHandshake.java:74)
at org.openqa.selenium.remote.HttpCommandExecutor.execute(HttpCommandExecutor.java:136)
at org.openqa.selenium.remote.service.DriverCommandExecutor.execute(DriverCommandExecutor.java:83)
at org.openqa.selenium.remote.RemoteWebDriver.execute(RemoteWebDriver.java:552)
at org.openqa.selenium.remote.RemoteWebDriver.startSession(RemoteWebDriver.java:213)
at org.openqa.selenium.remote.RemoteWebDriver.<init>(RemoteWebDriver.java:131)
at org.openqa.selenium.chrome.ChromeDriver.<init>(ChromeDriver.java:181)
at org.openqa.selenium.chrome.ChromeDriver.<init>(ChromeDriver.java:168)
at org.openqa.selenium.chrome.ChromeDriver.<init>(ChromeDriver.java:123)
at onlineSites.Toq_Desktop.launchBrowser(Toq_Desktop.java:56)
... Removed 29 stack frames]]>
    </failure>
  </testcase> <!-- launchBrowser -->
  <testcase name="login" time="0.002" classname="onlineSites.Toq_Desktop">
    <failure type="java.lang.NullPointerException">
      <![CDATA[java.lang.NullPointerException
at onlineSites.Toq_Desktop.login(Toq_Desktop.java:78)
... Removed 25 stack frames]]>
    </failure>
  </testcase> <!-- login -->
  <testcase name="uploadvid" time="0.002" classname="onlineSites.Toq_Desktop">
    <failure type="java.lang.NullPointerException">
      <![CDATA[java.lang.NullPointerException
at onlineSites.Toq_Desktop.uploadvid(Toq_Desktop.java:89)
... Removed 25 stack frames]]>
    </failure>
  </testcase> <!-- uploadvid -->
  <testcase name="javaRobot" time="3.003" classname="onlineSites.Toq_Desktop">
    <failure type="java.lang.NullPointerException">
      <![CDATA[java.lang.NullPointerException
at onlineSites.Toq_Desktop.indexDataGet(Toq_Desktop.java:132)
at onlineSites.Toq_Desktop.javaRobot(Toq_Desktop.java:101)
... Removed 25 stack frames]]>
    </failure>
  </testcase> <!-- javaRobot -->
  <testcase name="selectCategory" time="0.033" classname="onlineSites.Toq_Desktop">
    <failure type="java.lang.NullPointerException">
      <![CDATA[java.lang.NullPointerException
at onlineSites.Toq_Desktop.selectCategory(Toq_Desktop.java:154)
... Removed 25 stack frames]]>
    </failure>
  </testcase> <!-- selectCategory -->
  <testcase name="vidDetails" time="5.005" classname="onlineSites.Toq_Desktop">
    <failure type="java.lang.NullPointerException">
      <![CDATA[java.lang.NullPointerException
at onlineSites.Toq_Desktop.vidDetails(Toq_Desktop.java:164)
... Removed 25 stack frames]]>
    </failure>
  </testcase> <!-- vidDetails -->
  <testcase name="viduploadcheck" time="2.004" classname="onlineSites.Toq_Desktop">
    <failure type="java.lang.NullPointerException">
      <![CDATA[java.lang.NullPointerException
at onlineSites.Toq_Desktop.viduploadcheck(Toq_Desktop.java:193)
... Removed 25 stack frames]]>
    </failure>
  </testcase> <!-- viduploadcheck -->
  <testcase name="sikuli" time="3.037" classname="onlineSites.Toq_Desktop">
    <failure type="java.lang.NullPointerException">
      <![CDATA[java.lang.NullPointerException
at java.util.Objects.requireNonNull(Unknown Source)
at org.openqa.selenium.interactions.Actions.<init>(Actions.java:65)
at onlineSites.Toq_Desktop.sikuli(Toq_Desktop.java:202)
... Removed 25 stack frames]]>
    </failure>
  </testcase> <!-- sikuli -->
</testsuite> <!-- Toq Test -->
